<?xml version="1.0" encoding="UTF-8"?>
<!-- Generated by org.testng.reporters.JUnitReportReporter -->
<testsuite hostname="TestingWorld-PC" name="testcases.TC_001" tests="1" failures="0" timestamp="1 Jul 2017 03:16:35 GMT" time="33.740" errors="0">
  <testcase name="tcases" time="33.740" classname="testcases.TC_001"/>
</testsuite> <!-- testcases.TC_001 -->
