<?xml version="1.0" encoding="UTF-8"?>
<!-- Generated by org.testng.reporters.JUnitReportReporter -->
<testsuite hostname="TestingWorld-PC" name="testcases.TC_002" tests="1" failures="0" timestamp="1 Jul 2017 11:00:39 GMT" time="13.885" errors="0">
  <testcase name="tc001" time="13.885" classname="testcases.TC_002"/>
</testsuite> <!-- testcases.TC_002 -->
